<?xml version="1.0" encoding="UTF-8"?>
<testsuite xmlns:xsi="http://www.w3.org/2001/XMLSchema-instance" xsi:noNamespaceSchemaLocation="https://maven.apache.org/surefire/maven-surefire-plugin/xsd/surefire-test-report.xsd" name="com.example.crudwithvaadin.MainViewTests" time="1.267" tests="5" errors="0" skipped="0" failures="0">
  <properties>
[...]
</properties>
  <testcase name="shouldInitializeWithInvisibleEditor" classname="com.example.crudwithvaadin.MainViewTests" time="0.191"/>
  <testcase name="shouldFillOutTheGridWithNewData" classname="com.example.crudwithvaadin.MainViewTests" time="0.051"/>
  <testcase name="shouldInitializeTheGridWithCustomerRepositoryData" classname="com.example.crudwithvaadin.MainViewTests" time="0.021"/>
  <testcase name="shouldMakeEditorVisible" classname="com.example.crudwithvaadin.MainViewTests" time="0.023"/>
  <testcase name="shouldFilterOutTheGridWithTheProvidedLastName" classname="com.example.crudwithvaadin.MainViewTests" time="0.026"/>
</testsuite>